<?xml version="1.0" encoding="UTF-8"?>
<testng-results ignored="0" total="3" passed="2" failed="1" skipped="0">
  <reporter-output>
  </reporter-output>
  <suite started-at="2020-09-09T05:18:21 IST" name="Default suite" finished-at="2020-09-09T05:18:49 IST" duration-ms="28809">
    <groups>
    </groups>
    <test started-at="2020-09-09T05:18:21 IST" name="Default test" finished-at="2020-09-09T05:18:49 IST" duration-ms="28809">
      <class name="TestPages.LoginPageTest">
        <test-method is-config="true" signature="reporting()[pri:0, instance:TestPages.LoginPageTest@533bda92]" started-at="2020-09-09T05:18:21 IST" name="reporting" finished-at="2020-09-09T05:18:21 IST" duration-ms="76" status="PASS">
          <reporter-output>
          </reporter-output>
        </test-method> <!-- reporting -->
        <test-method is-config="true" signature="deleteSceenshot()[pri:0, instance:TestPages.LoginPageTest@533bda92]" started-at="2020-09-09T05:18:21 IST" name="deleteSceenshot" finished-at="2020-09-09T05:18:21 IST" duration-ms="1" status="PASS">
          <reporter-output>
          </reporter-output>
        </test-method> <!-- deleteSceenshot -->
        <test-method is-config="true" signature="setupbrowser()[pri:0, instance:TestPages.LoginPageTest@533bda92]" started-at="2020-09-09T05:18:21 IST" name="setupbrowser" finished-at="2020-09-09T05:18:35 IST" depends-on-methods="com.orcrm.qa.BaseSetup.BaseTest.deleteSceenshot" duration-ms="14350" status="PASS">
          <reporter-output>
          </reporter-output>
        </test-method> <!-- setupbrowser -->
        <test-method signature="avalidateLogin()[pri:0, instance:TestPages.LoginPageTest@533bda92]" started-at="2020-09-09T05:18:35 IST" name="avalidateLogin" finished-at="2020-09-09T05:18:49 IST" duration-ms="13981" status="PASS">
          <reporter-output>
          </reporter-output>
        </test-method> <!-- avalidateLogin -->
        <test-method is-config="true" signature="afterMethodOfTestClass(org.testng.ITestResult)[pri:0, instance:TestPages.LoginPageTest@533bda92]" started-at="2020-09-09T05:18:49 IST" name="afterMethodOfTestClass" finished-at="2020-09-09T05:18:49 IST" duration-ms="6" status="PASS">
          <params>
            <param index="0">
              <value>
                <![CDATA[[TestResult name=avalidateLogin status=SUCCESS method=LoginPageTest.avalidateLogin()[pri:0, instance:TestPages.LoginPageTest@533bda92] output={null}]]]>
              </value>
            </param>
          </params>
          <reporter-output>
          </reporter-output>
        </test-method> <!-- afterMethodOfTestClass -->
        <test-method signature="test2()[pri:0, instance:TestPages.LoginPageTest@533bda92]" started-at="2020-09-09T05:18:49 IST" name="test2" finished-at="2020-09-09T05:18:49 IST" duration-ms="2" status="FAIL">
          <exception class="java.lang.AssertionError">
            <message>
              <![CDATA[expected [true] but found [false]]]>
            </message>
            <full-stacktrace>
              <![CDATA[java.lang.AssertionError: expected [true] but found [false]
at org.testng.Assert.fail(Assert.java:97)
at org.testng.Assert.failNotEquals(Assert.java:969)
at org.testng.Assert.assertTrue(Assert.java:43)
at org.testng.Assert.assertTrue(Assert.java:53)
at TestPages.LoginPageTest.test2(LoginPageTest.java:43)
at java.base/jdk.internal.reflect.NativeMethodAccessorImpl.invoke0(Native Method)
at java.base/jdk.internal.reflect.NativeMethodAccessorImpl.invoke(NativeMethodAccessorImpl.java:62)
at java.base/jdk.internal.reflect.DelegatingMethodAccessorImpl.invoke(DelegatingMethodAccessorImpl.java:43)
at java.base/java.lang.reflect.Method.invoke(Method.java:564)
at org.testng.internal.MethodInvocationHelper.invokeMethod(MethodInvocationHelper.java:134)
at org.testng.internal.TestInvoker.invokeMethod(TestInvoker.java:597)
at org.testng.internal.TestInvoker.invokeTestMethod(TestInvoker.java:173)
at org.testng.internal.MethodRunner.runInSequence(MethodRunner.java:46)
at org.testng.internal.TestInvoker$MethodInvocationAgent.invoke(TestInvoker.java:816)
at org.testng.internal.TestInvoker.invokeTestMethods(TestInvoker.java:146)
at org.testng.internal.TestMethodWorker.invokeTestMethods(TestMethodWorker.java:146)
at org.testng.internal.TestMethodWorker.run(TestMethodWorker.java:128)
at java.base/java.util.ArrayList.forEach(ArrayList.java:1511)
at org.testng.TestRunner.privateRun(TestRunner.java:766)
at org.testng.TestRunner.run(TestRunner.java:587)
at org.testng.SuiteRunner.runTest(SuiteRunner.java:384)
at org.testng.SuiteRunner.runSequentially(SuiteRunner.java:378)
at org.testng.SuiteRunner.privateRun(SuiteRunner.java:337)
at org.testng.SuiteRunner.run(SuiteRunner.java:286)
at org.testng.SuiteRunnerWorker.runSuite(SuiteRunnerWorker.java:53)
at org.testng.SuiteRunnerWorker.run(SuiteRunnerWorker.java:96)
at org.testng.TestNG.runSuitesSequentially(TestNG.java:1187)
at org.testng.TestNG.runSuitesLocally(TestNG.java:1109)
at org.testng.TestNG.runSuites(TestNG.java:1039)
at org.testng.TestNG.run(TestNG.java:1007)
at org.testng.remote.AbstractRemoteTestNG.run(AbstractRemoteTestNG.java:115)
at org.testng.remote.RemoteTestNG.initAndRun(RemoteTestNG.java:251)
at org.testng.remote.RemoteTestNG.main(RemoteTestNG.java:77)
]]>
            </full-stacktrace>
          </exception> <!-- java.lang.AssertionError -->
          <reporter-output>
          </reporter-output>
        </test-method> <!-- test2 -->
        <test-method is-config="true" signature="afterMethodOfTestClass(org.testng.ITestResult)[pri:0, instance:TestPages.LoginPageTest@533bda92]" started-at="2020-09-09T05:18:49 IST" name="afterMethodOfTestClass" finished-at="2020-09-09T05:18:49 IST" duration-ms="447" status="PASS">
          <params>
            <param index="0">
              <value>
                <![CDATA[[TestResult name=test2 status=FAILURE method=LoginPageTest.test2()[pri:0, instance:TestPages.LoginPageTest@533bda92] output={null}]]]>
              </value>
            </param>
          </params>
          <reporter-output>
          </reporter-output>
        </test-method> <!-- afterMethodOfTestClass -->
        <test-method signature="test3()[pri:0, instance:TestPages.LoginPageTest@533bda92]" started-at="2020-09-09T05:18:49 IST" name="test3" finished-at="2020-09-09T05:18:49 IST" duration-ms="1" status="PASS">
          <reporter-output>
          </reporter-output>
        </test-method> <!-- test3 -->
        <test-method is-config="true" signature="afterMethodOfTestClass(org.testng.ITestResult)[pri:0, instance:TestPages.LoginPageTest@533bda92]" started-at="2020-09-09T05:18:49 IST" name="afterMethodOfTestClass" finished-at="2020-09-09T05:18:49 IST" duration-ms="0" status="PASS">
          <params>
            <param index="0">
              <value>
                <![CDATA[[TestResult name=test3 status=SUCCESS method=LoginPageTest.test3()[pri:0, instance:TestPages.LoginPageTest@533bda92] output={null}]]]>
              </value>
            </param>
          </params>
          <reporter-output>
          </reporter-output>
        </test-method> <!-- afterMethodOfTestClass -->
        <test-method is-config="true" signature="flushreport()[pri:0, instance:TestPages.LoginPageTest@533bda92]" started-at="2020-09-09T05:18:49 IST" name="flushreport" finished-at="2020-09-09T05:18:50 IST" duration-ms="273" status="PASS">
          <reporter-output>
          </reporter-output>
        </test-method> <!-- flushreport -->
      </class> <!-- TestPages.LoginPageTest -->
    </test> <!-- Default test -->
  </suite> <!-- Default suite -->
</testng-results>
